{
  "RSpec": {
    "coverage": {
      "/Users/bernardusbilly/github/cs169/bytlyn/spec/UI Testing Iteration 2/TestWhatever_spec.rb": [
        1,
        1,
        1,
        1,
        null,
        1,
        null,
        1,
        1,
        1,
        1,
        1,
        1,
        null,
        null,
        1,
        1,
        1,
        null,
        null,
        1,
        1,
        1,
        1,
        1,
        1,
        1,
        1,
        1,
        1,
        1,
        1,
        1,
        null,
        1,
        0,
        null,
        null,
        1,
        0,
        0,
        null,
        0,
        null,
        null,
        1,
        0,
        0,
        null,
        0,
        null,
        null,
        1,
        0,
        null,
        0,
        null,
        null,
        1,
        0,
        0,
        0,
        0,
        null,
        0,
        null,
        0,
        null,
        0,
        null,
        null
      ]
    },
    "timestamp": 1446806602
  },
  "Unit Tests": {
    "coverage": {
      "/Users/Fendy/Desktop/cs169/bytlyn/config/environment.rb": [
        null,
        1,
        null,
        null,
        1
      ],
      "/Users/Fendy/Desktop/cs169/bytlyn/config/environments/test.rb": [
        1,
        null,
        null,
        null,
        null,
        null,
        null,
        1,
        null,
        null,
        null,
        null,
        1,
        null,
        null,
        1,
        1,
        null,
        null,
        1,
        1,
        null,
        null,
        1,
        null,
        null,
        1,
        null,
        null,
        null,
        null,
        1,
        null,
        null,
        1,
        null,
        null,
        1,
        null,
        null,
        null,
        null
      ],
      "/Users/Fendy/Desktop/cs169/bytlyn/config/initializers/assets.rb": [
        null,
        null,
        null,
        1,
        null,
        null,
        null,
        null,
        null,
        null,
        null
      ],
      "/Users/Fendy/Desktop/cs169/bytlyn/config/initializers/backtrace_silencers.rb": [
        null,
        null,
        null,
        null,
        null,
        null,
        null
      ],
      "/Users/Fendy/Desktop/cs169/bytlyn/config/initializers/cookies_serializer.rb": [
        null,
        null,
        1
      ],
      "/Users/Fendy/Desktop/cs169/bytlyn/config/initializers/devise.rb": [
        null,
        null,
        1,
        null,
        null,
        null,
        null,
        null,
        null,
        null,
        null,
        null,
        null,
        null,
        1,
        null,
        null,
        null,
        null,
        null,
        null,
        null,
        null,
        1,
        null,
        null,
        null,
        null,
        null,
        null,
        null,
        null,
        null,
        null,
        null,
        null,
        null,
        null,
        null,
        null,
        null,
        null,
        null,
        null,
        null,
        1,
        null,
        null,
        null,
        null,
        1,
        null,
        null,
        null,
        null,
        null,
        null,
        null,
        null,
        null,
        null,
        null,
        null,
        null,
        null,
        null,
        null,
        null,
        null,
        null,
        null,
        null,
        null,
        null,
        null,
        null,
        null,
        null,
        null,
        null,
        null,
        1,
        null,
        null,
        null,
        null,
        null,
        null,
        null,
        null,
        null,
        null,
        null,
        null,
        null,
        null,
        null,
        null,
        1,
        null,
        null,
        null,
        null,
        null,
        null,
        null,
        null,
        null,
        null,
        null,
        null,
        null,
        null,
        null,
        null,
        null,
        null,
        null,
        null,
        null,
        null,
        null,
        null,
        1,
        null,
        null,
        null,
        null,
        null,
        null,
        null,
        null,
        null,
        1,
        null,
        null,
        null,
        null,
        null,
        null,
        null,
        null,
        null,
        null,
        1,
        null,
        null,
        null,
        null,
        null,
        null,
        null,
        null,
        null,
        null,
        null,
        null,
        null,
        null,
        null,
        null,
        null,
        null,
        null,
        null,
        null,
        null,
        null,
        null,
        null,
        null,
        null,
        null,
        null,
        null,
        null,
        null,
        null,
        null,
        null,
        null,
        null,
        null,
        null,
        null,
        null,
        null,
        null,
        null,
        null,
        1,
        null,
        null,
        null,
        null,
        null,
        null,
        null,
        null,
        null,
        null,
        null,
        null,
        null,
        null,
        null,
        null,
        null,
        null,
        null,
        1,
        null,
        null,
        null,
        null,
        null,
        null,
        null,
        null,
        null,
        null,
        null,
        null,
        null,
        null,
        null,
        null,
        null,
        null,
        null,
        null,
        null,
        1,
        null,
        null,
        null,
        null,
        null,
        null,
        null,
        null,
        null,
        null,
        1,
        null,
        null,
        1,
        null,
        null,
        null,
        null,
        null,
        null,
        null,
        null,
        null,
        null,
        null,
        null,
        null,
        null,
        null,
        null
      ],
      "/Users/Fendy/Desktop/cs169/bytlyn/config/initializers/filter_parameter_logging.rb": [
        null,
        null,
        null,
        1
      ],
      "/Users/Fendy/Desktop/cs169/bytlyn/config/initializers/inflections.rb": [
        null,
        null,
        null,
        null,
        null,
        null,
        null,
        null,
        null,
        null,
        null,
        null,
        null,
        null,
        null,
        null
      ],
      "/Users/Fendy/Desktop/cs169/bytlyn/config/initializers/mime_types.rb": [
        null,
        null,
        null,
        null
      ],
      "/Users/Fendy/Desktop/cs169/bytlyn/config/initializers/session_store.rb": [
        null,
        null,
        1
      ],
      "/Users/Fendy/Desktop/cs169/bytlyn/config/initializers/wrap_parameters.rb": [
        null,
        null,
        null,
        null,
        null,
        null,
        1,
        1,
        null,
        null,
        null,
        null,
        null,
        null
      ],
      "/Users/Fendy/Desktop/cs169/bytlyn/test/factories/hours.rb": [
        1,
        1,
        null,
        null,
        null,
        null
      ],
      "/Users/Fendy/Desktop/cs169/bytlyn/test/factories/menus.rb": [
        1,
        1,
        1,
        1,
        1,
        1,
        null,
        null,
        null
      ],
      "/Users/Fendy/Desktop/cs169/bytlyn/config/routes.rb": [
        1,
        1,
        1,
        1,
        1,
        1,
        1,
        1,
        1,
        1,
        1,
        1,
        1,
        1,
        1,
        1,
        null,
        1,
        null,
        null,
        1,
        null,
        null,
        1,
        1,
        1,
        1,
        1,
        1,
        1,
        null,
        null,
        1,
        1,
        1,
        1,
        1,
        1,
        1,
        1,
        1,
        1,
        null,
        null,
        1,
        1,
        null,
        null,
        1,
        1,
        1,
        null,
        null,
        null,
        null,
        null,
        null,
        null,
        null,
        null,
        null,
        null,
        null,
        null,
        null,
        null,
        null,
        null,
        null,
        null,
        null,
        null,
        null,
        null,
        null,
        null,
        null,
        null,
        null,
        null,
        null,
        null,
        null,
        null,
        null,
        null,
        null,
        null,
        null,
        null,
        null,
        null,
        null,
        null,
        null,
        null,
        null,
        null,
        null,
        null,
        null,
        null,
        null,
        null,
        null,
        null,
        null,
        null,
        null,
        null,
        null,
        null,
        null,
        null,
        null,
        null
      ],
      "/Users/Fendy/Desktop/cs169/bytlyn/app/models/user.rb": [
        1,
        null,
        null,
        1,
        null,
        1,
        1,
        1,
        null
      ],
      "/Users/Fendy/Desktop/cs169/bytlyn/lib/custom_failure.rb": [
        1,
        1,
        0,
        null,
        1,
        0,
        0,
        null,
        0,
        0,
        null,
        null,
        null
      ],
      "/Users/Fendy/Desktop/cs169/bytlyn/test/controllers/restaurants_controller_test.rb": [
        null,
        null,
        null,
        null,
        null,
        null,
        null,
        null,
        null,
        null,
        null,
        null,
        1,
        null,
        1,
        1,
        7,
        7,
        null,
        7,
        7,
        null,
        null,
        null,
        1,
        1,
        1,
        1,
        null,
        null,
        1,
        1,
        1,
        1,
        null,
        null,
        null,
        null,
        null,
        null,
        null,
        null,
        null,
        null,
        null,
        null,
        null,
        null,
        null,
        null,
        1,
        1,
        1,
        null,
        1,
        null,
        null,
        1,
        1,
        1,
        null,
        1,
        1,
        null,
        null,
        1,
        1,
        1,
        null,
        null,
        1,
        1,
        1,
        1,
        1,
        null,
        1,
        1,
        1,
        1,
        null,
        1,
        1,
        1,
        1,
        null,
        1,
        1,
        1,
        1,
        null,
        1,
        1,
        1,
        1,
        null,
        null,
        null,
        1,
        1,
        1,
        null,
        null,
        1,
        null,
        null,
        null,
        null,
        null,
        null,
        null,
        null,
        null,
        null,
        null,
        null,
        null,
        null,
        null,
        null,
        null,
        null,
        null,
        null,
        null,
        null,
        null,
        null,
        null,
        null,
        null,
        null,
        null,
        null,
        null,
        null,
        null,
        null,
        null,
        null,
        null,
        null,
        null,
        null,
        null,
        null,
        null,
        null,
        null,
        null,
        null,
        null,
        null,
        null,
        null,
        null,
        null,
        null,
        null
      ],
      "/Users/Fendy/Desktop/cs169/bytlyn/app/models/customer.rb": [
        1,
        1,
        1,
        null,
        null,
        null
      ],
      "/Users/Fendy/Desktop/cs169/bytlyn/app/models/restaurant.rb": [
        1,
        1,
        1,
        1,
        1,
        1,
        null,
        64,
        null,
        null,
        null,
        null,
        null,
        null,
        1,
        null,
        null,
        null,
        null,
        null,
        null,
        null,
        null,
        null,
        null,
        null,
        null,
        null,
        null,
        0,
        0,
        null,
        0,
        null,
        null,
        null,
        null,
        null
      ],
      "/Users/Fendy/Desktop/cs169/bytlyn/app/models/waitlist.rb": [
        1,
        null,
        1,
        1,
        1,
        1,
        1,
        1,
        null,
        1,
        0,
        null,
        null,
        1,
        0,
        0,
        0,
        0,
        0,
        null,
        0,
        null,
        0,
        null,
        null,
        1,
        0,
        0,
        0,
        null,
        0,
        0,
        null,
        0,
        0,
        null,
        0,
        0,
        0,
        null,
        0,
        null,
        null,
        null,
        null,
        null
      ],
      "/Users/Fendy/Desktop/cs169/bytlyn/app/controllers/restaurants_controller.rb": [
        1,
        1,
        1,
        1,
        null,
        null,
        1,
        null,
        null,
        null,
        null,
        null,
        null,
        null,
        null,
        null,
        2,
        2,
        2,
        2,
        2,
        2,
        null,
        2,
        null,
        null,
        2,
        null,
        null,
        2,
        null,
        2,
        null,
        2,
        null,
        2,
        null,
        null,
        null,
        2,
        null,
        null,
        null,
        null,
        null,
        null,
        null,
        null,
        null,
        null,
        1,
        null,
        null,
        null,
        1,
        0,
        0,
        0,
        0,
        null,
        0,
        null,
        null,
        0,
        null,
        null,
        null,
        null,
        1,
        null,
        null,
        null,
        null,
        1,
        null,
        2,
        2,
        2,
        2,
        0,
        0,
        0,
        null,
        2,
        2,
        2,
        2,
        2,
        2,
        null,
        null,
        2,
        2,
        2,
        2,
        14,
        14,
        14,
        null,
        null,
        null,
        2,
        14,
        0,
        0,
        0,
        null,
        null,
        2,
        0,
        0,
        0,
        null,
        null,
        2,
        14,
        null,
        null,
        2,
        2,
        4,
        2,
        null,
        0,
        0,
        null,
        null,
        null,
        null,
        null,
        null,
        1,
        5,
        5,
        10,
        5,
        null,
        0,
        0,
        null,
        null,
        null,
        null,
        null,
        null,
        1,
        1,
        1,
        2,
        1,
        null,
        null,
        null,
        1,
        null,
        1,
        8,
        null,
        null,
        1,
        0,
        null,
        null,
        1,
        35,
        null,
        null,
        null,
        1,
        null,
        25,
        null,
        null
      ],
      "/Users/Fendy/Desktop/cs169/bytlyn/app/controllers/application_controller.rb": [
        1,
        null,
        null,
        null,
        1,
        null,
        null,
        null,
        1,
        0,
        null,
        null
      ],
      "/Users/Fendy/Desktop/cs169/bytlyn/app/helpers/application_helper.rb": [
        1,
        null
      ],
      "/Users/Fendy/Desktop/cs169/bytlyn/app/helpers/customers_helper.rb": [
        1,
        null
      ],
      "/Users/Fendy/Desktop/cs169/bytlyn/app/helpers/dynamic_pages_helper.rb": [
        1,
        null
      ],
      "/Users/Fendy/Desktop/cs169/bytlyn/app/helpers/hours_helper.rb": [
        1,
        null
      ],
      "/Users/Fendy/Desktop/cs169/bytlyn/app/helpers/menus_helper.rb": [
        1,
        null
      ],
      "/Users/Fendy/Desktop/cs169/bytlyn/app/helpers/restaurants_helper.rb": [
        1,
        null
      ],
      "/Users/Fendy/Desktop/cs169/bytlyn/app/helpers/waitlists_helper.rb": [
        1,
        null
      ],
      "/Users/Fendy/Desktop/cs169/bytlyn/app/models/hour.rb": [
        1,
        1,
        1,
        1,
        1,
        1,
        1,
        null,
        1,
        28,
        28,
        null,
        null,
        1,
        28,
        0,
        null,
        28,
        null,
        null,
        null,
        28,
        null,
        null,
        null,
        null
      ]
    },
    "timestamp": 1446861535
  }
}
