{
  "Unit Tests": {
    "coverage": {
      "/Users/CeciliaAstrid/Documents/UCB/CS169/cs169/bytlyn/config/environment.rb": [
        null,
        1,
        null,
        null,
        1
      ],
      "/Users/CeciliaAstrid/Documents/UCB/CS169/cs169/bytlyn/config/environments/test.rb": [
        1,
        null,
        null,
        null,
        null,
        null,
        null,
        1,
        null,
        null,
        null,
        null,
        1,
        null,
        null,
        1,
        1,
        null,
        null,
        1,
        1,
        null,
        null,
        1,
        null,
        null,
        1,
        null,
        null,
        null,
        null,
        1,
        null,
        null,
        1,
        null,
        null,
        1,
        null,
        null,
        null,
        null
      ],
      "/Users/CeciliaAstrid/Documents/UCB/CS169/cs169/bytlyn/config/initializers/assets.rb": [
        null,
        null,
        null,
        1,
        null,
        null,
        null,
        null,
        null,
        null,
        null
      ],
      "/Users/CeciliaAstrid/Documents/UCB/CS169/cs169/bytlyn/config/initializers/aws.rb": [
        1,
        null,
        null
      ],
      "/Users/CeciliaAstrid/Documents/UCB/CS169/cs169/bytlyn/config/initializers/backtrace_silencers.rb": [
        null,
        null,
        null,
        null,
        null,
        null,
        null
      ],
      "/Users/CeciliaAstrid/Documents/UCB/CS169/cs169/bytlyn/config/initializers/braintree.rb": [
        1,
        1,
        1,
        1
      ],
      "/Users/CeciliaAstrid/Documents/UCB/CS169/cs169/bytlyn/config/initializers/cookies_serializer.rb": [
        null,
        null,
        1
      ],
      "/Users/CeciliaAstrid/Documents/UCB/CS169/cs169/bytlyn/config/initializers/devise.rb": [
        null,
        null,
        1,
        null,
        null,
        null,
        null,
        null,
        null,
        null,
        null,
        null,
        null,
        null,
        1,
        null,
        null,
        null,
        null,
        null,
        null,
        null,
        null,
        1,
        null,
        null,
        null,
        null,
        null,
        null,
        null,
        null,
        null,
        null,
        null,
        null,
        null,
        null,
        null,
        null,
        null,
        null,
        null,
        null,
        null,
        1,
        null,
        null,
        null,
        null,
        1,
        null,
        null,
        null,
        null,
        null,
        null,
        null,
        null,
        null,
        null,
        null,
        null,
        null,
        null,
        null,
        null,
        null,
        null,
        null,
        null,
        null,
        null,
        null,
        null,
        null,
        null,
        null,
        null,
        null,
        null,
        1,
        null,
        null,
        null,
        null,
        null,
        null,
        null,
        null,
        null,
        null,
        null,
        null,
        null,
        null,
        null,
        null,
        1,
        null,
        null,
        null,
        null,
        null,
        null,
        null,
        null,
        null,
        null,
        null,
        null,
        null,
        null,
        null,
        null,
        null,
        null,
        null,
        null,
        null,
        null,
        null,
        null,
        1,
        null,
        null,
        null,
        null,
        null,
        null,
        null,
        null,
        null,
        1,
        null,
        null,
        null,
        null,
        null,
        null,
        null,
        null,
        null,
        null,
        1,
        null,
        null,
        null,
        null,
        null,
        null,
        null,
        null,
        null,
        null,
        null,
        null,
        null,
        null,
        null,
        null,
        null,
        null,
        null,
        null,
        null,
        null,
        null,
        null,
        null,
        null,
        null,
        null,
        null,
        null,
        null,
        null,
        null,
        null,
        null,
        null,
        null,
        null,
        null,
        null,
        null,
        null,
        null,
        null,
        null,
        1,
        null,
        null,
        null,
        null,
        null,
        null,
        null,
        null,
        null,
        null,
        null,
        null,
        null,
        null,
        null,
        null,
        null,
        null,
        null,
        1,
        null,
        null,
        null,
        null,
        null,
        null,
        null,
        null,
        null,
        null,
        null,
        null,
        null,
        null,
        null,
        null,
        null,
        null,
        null,
        null,
        null,
        1,
        null,
        null,
        null,
        null,
        null,
        null,
        null,
        null,
        null,
        null,
        1,
        null,
        null,
        1,
        null,
        null,
        null,
        null,
        null,
        null,
        null,
        null,
        null,
        null,
        null,
        null,
        null,
        null,
        null,
        null
      ],
      "/Users/CeciliaAstrid/Documents/UCB/CS169/cs169/bytlyn/config/initializers/filter_parameter_logging.rb": [
        null,
        null,
        null,
        1
      ],
      "/Users/CeciliaAstrid/Documents/UCB/CS169/cs169/bytlyn/config/initializers/inflections.rb": [
        null,
        null,
        null,
        null,
        null,
        null,
        null,
        null,
        null,
        null,
        null,
        null,
        null,
        null,
        null,
        null
      ],
      "/Users/CeciliaAstrid/Documents/UCB/CS169/cs169/bytlyn/config/initializers/mime_types.rb": [
        null,
        null,
        null,
        null
      ],
      "/Users/CeciliaAstrid/Documents/UCB/CS169/cs169/bytlyn/config/initializers/session_store.rb": [
        null,
        null,
        1
      ],
      "/Users/CeciliaAstrid/Documents/UCB/CS169/cs169/bytlyn/config/initializers/wrap_parameters.rb": [
        null,
        null,
        null,
        null,
        null,
        null,
        1,
        1,
        null,
        null,
        null,
        null,
        null,
        null
      ],
      "/Users/CeciliaAstrid/Documents/UCB/CS169/cs169/bytlyn/test/factories/hours.rb": [
        1,
        1,
        null,
        null,
        null,
        null
      ],
      "/Users/CeciliaAstrid/Documents/UCB/CS169/cs169/bytlyn/test/factories/menus.rb": [
        1,
        1,
        1,
        1,
        1,
        1,
        null,
        null,
        null
      ],
      "/Users/CeciliaAstrid/Documents/UCB/CS169/cs169/bytlyn/spec/factories/carts.rb": [
        1,
        1,
        1,
        1,
        1,
        1,
        1,
        null,
        null,
        null
      ],
      "/Users/CeciliaAstrid/Documents/UCB/CS169/cs169/bytlyn/spec/factories/deliveries.rb": [
        1,
        1,
        1,
        1,
        1,
        1,
        1,
        1,
        null,
        null,
        null
      ],
      "/Users/CeciliaAstrid/Documents/UCB/CS169/cs169/bytlyn/spec/factories/favorites.rb": [
        1,
        1,
        null,
        null,
        null,
        null
      ],
      "/Users/CeciliaAstrid/Documents/UCB/CS169/cs169/bytlyn/spec/factories/ratings.rb": [
        1,
        1,
        1,
        null,
        null,
        null
      ],
      "/Users/CeciliaAstrid/Documents/UCB/CS169/cs169/bytlyn/spec/factories/versions.rb": [
        1,
        1,
        1,
        1,
        1,
        null,
        null,
        null
      ],
      "/Users/CeciliaAstrid/Documents/UCB/CS169/cs169/bytlyn/config/routes.rb": [
        1,
        1,
        1,
        1,
        1,
        1,
        1,
        1,
        1,
        1,
        1,
        1,
        1,
        1,
        1,
        1,
        1,
        1,
        1,
        1,
        null,
        1,
        null,
        null,
        1,
        null,
        null,
        1,
        1,
        1,
        1,
        1,
        1,
        1,
        1,
        1,
        null,
        null,
        null,
        1,
        1,
        1,
        1,
        1,
        1,
        1,
        1,
        1,
        null,
        1,
        1,
        1,
        1,
        null,
        1,
        1,
        1,
        1,
        1,
        1,
        null,
        1,
        null,
        null,
        1,
        1,
        1,
        1,
        1,
        null,
        1,
        1,
        1,
        null,
        1,
        null,
        null,
        1,
        1,
        1,
        null,
        null,
        null,
        null,
        null,
        null,
        null,
        null,
        null,
        null,
        null,
        null,
        null,
        null,
        null,
        null,
        null,
        null,
        null,
        null,
        null,
        null,
        null,
        null,
        null,
        null,
        null,
        null,
        null,
        null,
        null,
        null,
        null,
        null,
        null,
        null,
        null,
        null,
        null,
        null,
        null,
        null,
        null,
        null,
        null,
        null,
        null,
        null,
        null,
        null,
        null,
        null,
        null,
        null,
        null,
        null,
        null,
        null,
        null,
        null,
        null,
        null,
        null,
        null,
        null
      ],
      "/Users/CeciliaAstrid/Documents/UCB/CS169/cs169/bytlyn/app/models/user.rb": [
        1,
        null,
        null,
        1,
        null,
        1,
        1,
        1,
        null,
        null,
        null,
        null,
        null,
        null,
        null,
        1,
        null,
        1,
        0,
        null,
        null,
        null
      ],
      "/Users/CeciliaAstrid/Documents/UCB/CS169/cs169/bytlyn/lib/custom_failure.rb": [
        1,
        1,
        0,
        null,
        1,
        0,
        0,
        null,
        0,
        0,
        null,
        null,
        null
      ],
      "/Users/CeciliaAstrid/Documents/UCB/CS169/cs169/bytlyn/test/controllers/carts_controller_test.rb": [
        1,
        null,
        1,
        1,
        null,
        9,
        null,
        9,
        9,
        9,
        null,
        null,
        9,
        null,
        9,
        9,
        9,
        null,
        null,
        9,
        null,
        9,
        9,
        9,
        null,
        null,
        9,
        null,
        null,
        9,
        9,
        null,
        null,
        9,
        9,
        null,
        null,
        null,
        null,
        1,
        1,
        1,
        null,
        null,
        null,
        1,
        1,
        1,
        null,
        null,
        null,
        1,
        1,
        1,
        1,
        null,
        1,
        null,
        null,
        null,
        1,
        1,
        1,
        1,
        null,
        1,
        null,
        null,
        null,
        1,
        1,
        1,
        1,
        1,
        1,
        null,
        1,
        null,
        null,
        null,
        1,
        1,
        1,
        1,
        1,
        1,
        1,
        null,
        null,
        null,
        1,
        1,
        1,
        1,
        1,
        null,
        null,
        null,
        null,
        1,
        1,
        1,
        1,
        1,
        1,
        null,
        null,
        null,
        null,
        1,
        1,
        1,
        1,
        1,
        1,
        null,
        1,
        null,
        null,
        null
      ],
      "/Users/CeciliaAstrid/Documents/UCB/CS169/cs169/bytlyn/app/models/customer.rb": [
        1,
        1,
        1,
        1,
        null,
        1,
        null,
        1,
        null,
        null,
        null,
        null
      ],
      "/Users/CeciliaAstrid/Documents/UCB/CS169/cs169/bytlyn/app/models/restaurant.rb": [
        1,
        1,
        1,
        1,
        1,
        1,
        1,
        null,
        1,
        null,
        null,
        null,
        null,
        null,
        null
      ],
      "/Users/CeciliaAstrid/Documents/UCB/CS169/cs169/bytlyn/app/models/waitlist.rb": [
        1,
        null,
        1,
        1,
        1,
        1,
        1,
        1,
        null,
        1,
        0,
        null,
        null,
        1,
        0,
        0,
        0,
        0,
        0,
        null,
        0,
        null,
        0,
        null,
        null,
        1,
        0,
        null,
        null,
        1,
        0,
        0,
        0,
        0,
        null,
        0,
        null,
        null,
        1,
        0,
        0,
        0,
        null,
        0,
        0,
        null,
        0,
        0,
        null,
        0,
        0,
        0,
        null,
        0,
        null,
        null,
        1,
        0,
        null,
        0,
        null,
        0,
        null,
        0,
        null,
        0,
        null,
        null,
        null,
        null,
        null,
        null,
        null
      ],
      "/Users/CeciliaAstrid/Documents/UCB/CS169/cs169/bytlyn/app/controllers/carts_controller.rb": [
        1,
        1,
        null,
        null,
        null,
        1,
        1,
        null,
        null,
        null,
        null,
        1,
        null,
        null,
        null,
        1,
        1,
        null,
        null,
        null,
        1,
        null,
        null,
        1,
        4,
        4,
        4,
        4,
        4,
        1,
        1,
        1,
        null,
        3,
        null,
        null,
        1,
        3,
        3,
        3,
        3,
        3,
        3,
        null,
        2,
        null,
        1,
        1,
        1,
        null,
        null,
        null,
        null,
        1,
        3,
        3,
        3,
        3,
        null,
        3,
        2,
        2,
        2,
        4,
        null,
        0,
        0,
        null,
        null,
        null,
        1,
        null,
        null,
        null,
        null,
        null,
        null,
        1,
        1,
        1,
        2,
        1,
        null,
        0,
        0,
        null,
        null,
        null,
        null,
        null,
        null,
        1,
        1,
        1,
        2,
        1,
        null,
        null,
        null,
        1,
        2,
        1,
        1,
        1,
        1,
        null,
        1,
        null,
        null,
        1,
        null,
        null,
        null,
        1,
        null,
        1,
        2,
        null,
        null,
        null,
        1,
        10,
        null,
        null
      ],
      "/Users/CeciliaAstrid/Documents/UCB/CS169/cs169/bytlyn/app/controllers/application_controller.rb": [
        1,
        null,
        null,
        null,
        1,
        null,
        null,
        null,
        1,
        0,
        null,
        null
      ],
      "/Users/CeciliaAstrid/Documents/UCB/CS169/cs169/bytlyn/app/helpers/application_helper.rb": [
        1,
        null
      ],
      "/Users/CeciliaAstrid/Documents/UCB/CS169/cs169/bytlyn/app/helpers/carts_helper.rb": [
        1,
        null
      ],
      "/Users/CeciliaAstrid/Documents/UCB/CS169/cs169/bytlyn/app/helpers/customers_helper.rb": [
        1,
        null
      ],
      "/Users/CeciliaAstrid/Documents/UCB/CS169/cs169/bytlyn/app/helpers/deliveries_helper.rb": [
        1,
        null
      ],
      "/Users/CeciliaAstrid/Documents/UCB/CS169/cs169/bytlyn/app/helpers/dynamic_pages_helper.rb": [
        1,
        null
      ],
      "/Users/CeciliaAstrid/Documents/UCB/CS169/cs169/bytlyn/app/helpers/favorites_helper.rb": [
        1,
        null
      ],
      "/Users/CeciliaAstrid/Documents/UCB/CS169/cs169/bytlyn/app/helpers/hours_helper.rb": [
        1,
        null
      ],
      "/Users/CeciliaAstrid/Documents/UCB/CS169/cs169/bytlyn/app/helpers/menus_helper.rb": [
        1,
        null
      ],
      "/Users/CeciliaAstrid/Documents/UCB/CS169/cs169/bytlyn/app/helpers/rating_helper.rb": [
        1,
        null
      ],
      "/Users/CeciliaAstrid/Documents/UCB/CS169/cs169/bytlyn/app/helpers/restaurants_helper.rb": [
        1,
        null
      ],
      "/Users/CeciliaAstrid/Documents/UCB/CS169/cs169/bytlyn/app/helpers/versions_helper.rb": [
        1,
        null
      ],
      "/Users/CeciliaAstrid/Documents/UCB/CS169/cs169/bytlyn/app/helpers/waitlists_helper.rb": [
        1,
        null
      ],
      "/Users/CeciliaAstrid/Documents/UCB/CS169/cs169/bytlyn/app/models/version.rb": [
        1,
        1,
        null
      ],
      "/Users/CeciliaAstrid/Documents/UCB/CS169/cs169/bytlyn/app/models/menu.rb": [
        1,
        1,
        1,
        1,
        1,
        1,
        1,
        null,
        1,
        0,
        0,
        null,
        0,
        null,
        null,
        null
      ],
      "/Users/CeciliaAstrid/Documents/UCB/CS169/cs169/bytlyn/app/models/cart.rb": [
        1,
        1,
        1,
        null,
        1,
        2,
        2,
        2,
        2,
        2,
        2,
        2,
        null,
        0,
        0,
        null,
        0,
        null,
        0,
        0,
        null,
        0,
        null,
        null,
        null,
        2,
        null,
        null,
        1,
        1,
        null,
        null
      ]
    },
    "timestamp": 1448418815
  },
  "RSpec": {
    "coverage": {
      "/Users/bernardusbilly/github/cs169/bytlyn/config/environment.rb": [
        null,
        1,
        null,
        null,
        1
      ],
      "/Users/bernardusbilly/github/cs169/bytlyn/config/environments/test.rb": [
        1,
        null,
        null,
        null,
        null,
        null,
        null,
        1,
        null,
        null,
        null,
        null,
        1,
        null,
        null,
        1,
        1,
        null,
        null,
        1,
        1,
        null,
        null,
        1,
        null,
        null,
        1,
        null,
        null,
        null,
        null,
        1,
        null,
        null,
        1,
        null,
        null,
        1,
        null,
        null,
        null,
        null
      ],
      "/Users/bernardusbilly/github/cs169/bytlyn/config/initializers/assets.rb": [
        null,
        null,
        null,
        1,
        null,
        null,
        null,
        null,
        null,
        null,
        null
      ],
      "/Users/bernardusbilly/github/cs169/bytlyn/config/initializers/aws.rb": [
        1,
        null,
        null
      ],
      "/Users/bernardusbilly/github/cs169/bytlyn/config/initializers/backtrace_silencers.rb": [
        null,
        null,
        null,
        null,
        null,
        null,
        null
      ],
      "/Users/bernardusbilly/github/cs169/bytlyn/config/initializers/braintree.rb": [
        1,
        1,
        1,
        1
      ],
      "/Users/bernardusbilly/github/cs169/bytlyn/config/initializers/cookies_serializer.rb": [
        null,
        null,
        1
      ],
      "/Users/bernardusbilly/github/cs169/bytlyn/config/initializers/devise.rb": [
        null,
        null,
        1,
        null,
        null,
        null,
        null,
        null,
        null,
        null,
        null,
        null,
        null,
        null,
        1,
        null,
        null,
        null,
        null,
        null,
        null,
        null,
        null,
        1,
        null,
        null,
        null,
        null,
        null,
        null,
        null,
        null,
        null,
        null,
        null,
        null,
        null,
        null,
        null,
        null,
        null,
        null,
        null,
        null,
        null,
        1,
        null,
        null,
        null,
        null,
        1,
        null,
        null,
        null,
        null,
        null,
        null,
        null,
        null,
        null,
        null,
        null,
        null,
        null,
        null,
        null,
        null,
        null,
        null,
        null,
        null,
        null,
        null,
        null,
        null,
        null,
        null,
        null,
        null,
        null,
        null,
        1,
        null,
        null,
        null,
        null,
        null,
        null,
        null,
        null,
        null,
        null,
        null,
        null,
        null,
        null,
        null,
        null,
        1,
        null,
        null,
        null,
        null,
        null,
        null,
        null,
        null,
        null,
        null,
        null,
        null,
        null,
        null,
        null,
        null,
        null,
        null,
        null,
        null,
        null,
        null,
        null,
        null,
        1,
        null,
        null,
        null,
        null,
        null,
        null,
        null,
        null,
        null,
        1,
        null,
        null,
        null,
        null,
        null,
        null,
        null,
        null,
        null,
        null,
        1,
        null,
        null,
        null,
        null,
        null,
        null,
        null,
        null,
        null,
        null,
        null,
        null,
        null,
        null,
        null,
        null,
        null,
        null,
        null,
        null,
        null,
        null,
        null,
        null,
        null,
        null,
        null,
        null,
        null,
        null,
        null,
        null,
        null,
        null,
        null,
        null,
        null,
        null,
        null,
        null,
        null,
        null,
        null,
        null,
        null,
        1,
        null,
        null,
        null,
        null,
        null,
        null,
        null,
        null,
        null,
        null,
        null,
        null,
        null,
        null,
        null,
        null,
        null,
        null,
        null,
        1,
        null,
        null,
        null,
        null,
        null,
        null,
        null,
        null,
        null,
        null,
        null,
        null,
        null,
        null,
        null,
        null,
        null,
        null,
        null,
        null,
        null,
        1,
        null,
        null,
        null,
        null,
        null,
        null,
        null,
        null,
        null,
        null,
        1,
        null,
        null,
        1,
        null,
        null,
        null,
        null,
        null,
        null,
        null,
        null,
        null,
        null,
        null,
        null,
        null,
        null,
        null,
        null
      ],
      "/Users/bernardusbilly/github/cs169/bytlyn/config/initializers/filter_parameter_logging.rb": [
        null,
        null,
        null,
        1
      ],
      "/Users/bernardusbilly/github/cs169/bytlyn/config/initializers/inflections.rb": [
        null,
        null,
        null,
        null,
        null,
        null,
        null,
        null,
        null,
        null,
        null,
        null,
        null,
        null,
        null,
        null
      ],
      "/Users/bernardusbilly/github/cs169/bytlyn/config/initializers/mime_types.rb": [
        null,
        null,
        null,
        null
      ],
      "/Users/bernardusbilly/github/cs169/bytlyn/config/initializers/session_store.rb": [
        null,
        null,
        1
      ],
      "/Users/bernardusbilly/github/cs169/bytlyn/config/initializers/wrap_parameters.rb": [
        null,
        null,
        null,
        null,
        null,
        null,
        1,
        1,
        null,
        null,
        null,
        null,
        null,
        null
      ],
      "/Users/bernardusbilly/github/cs169/bytlyn/test/factories/hours.rb": [
        1,
        1,
        null,
        null,
        null,
        null
      ],
      "/Users/bernardusbilly/github/cs169/bytlyn/test/factories/menus.rb": [
        1,
        1,
        1,
        1,
        1,
        1,
        null,
        null,
        null
      ],
      "/Users/bernardusbilly/github/cs169/bytlyn/spec/factories/carts.rb": [
        1,
        1,
        1,
        1,
        1,
        1,
        1,
        null,
        null,
        null
      ],
      "/Users/bernardusbilly/github/cs169/bytlyn/spec/factories/deliveries.rb": [
        1,
        1,
        1,
        1,
        1,
        1,
        1,
        1,
        null,
        null,
        null
      ],
      "/Users/bernardusbilly/github/cs169/bytlyn/spec/factories/favorites.rb": [
        1,
        1,
        null,
        null,
        null,
        null
      ],
      "/Users/bernardusbilly/github/cs169/bytlyn/spec/factories/ratings.rb": [
        1,
        1,
        1,
        null,
        null,
        null
      ],
      "/Users/bernardusbilly/github/cs169/bytlyn/spec/factories/versions.rb": [
        1,
        1,
        1,
        1,
        1,
        null,
        null,
        null
      ],
      "/Users/bernardusbilly/github/cs169/bytlyn/config/routes.rb": [
        1,
        1,
        1,
        1,
        1,
        1,
        1,
        1,
        1,
        1,
        1,
        1,
        1,
        1,
        1,
        1,
        1,
        1,
        1,
        1,
        null,
        1,
        null,
        null,
        1,
        null,
        null,
        1,
        1,
        1,
        1,
        1,
        1,
        1,
        1,
        1,
        1,
        1,
        1,
        null,
        null,
        null,
        1,
        1,
        1,
        1,
        1,
        1,
        1,
        1,
        1,
        1,
        1,
        1,
        null,
        1,
        1,
        1,
        1,
        null,
        1,
        1,
        1,
        1,
        1,
        1,
        null,
        1,
        null,
        null,
        1,
        1,
        1,
        1,
        1,
        null,
        1,
        1,
        1,
        null,
        1,
        null,
        null,
        1,
        1,
        1,
        null,
        null,
        null,
        null,
        null,
        null,
        null,
        null,
        null,
        null,
        null,
        null,
        null,
        null,
        null,
        null,
        null,
        null,
        null,
        null,
        null,
        null,
        null,
        null,
        null,
        null,
        null,
        null,
        null,
        null,
        null,
        null,
        null,
        null,
        null,
        null,
        null,
        null,
        null,
        null,
        null,
        null,
        null,
        null,
        null,
        null,
        null,
        null,
        null,
        null,
        null,
        null,
        null,
        null,
        null,
        null,
        null,
        null,
        null,
        null,
        null,
        null,
        null,
        null,
        null
      ],
      "/Users/bernardusbilly/github/cs169/bytlyn/app/models/user.rb": [
        1,
        null,
        null,
        1,
        null,
        1,
        1,
        1,
        null,
        null,
        null,
        null,
        null,
        null,
        null,
        1,
        null,
        1,
        7,
        null,
        null,
        null
      ],
      "/Users/bernardusbilly/github/cs169/bytlyn/lib/custom_failure.rb": [
        1,
        1,
        11,
        null,
        1,
        11,
        0,
        null,
        11,
        11,
        null,
        null,
        null
      ],
      "/Users/bernardusbilly/github/cs169/bytlyn/test/controllers/customers_controller_test.rb": [
        1,
        null,
        1,
        1,
        5,
        5,
        5,
        5,
        null,
        null,
        null,
        null,
        null,
        1,
        1,
        1,
        null,
        1,
        null,
        null,
        1,
        1,
        1,
        null,
        null,
        1,
        1,
        1,
        null,
        1,
        null,
        null,
        1,
        1,
        1,
        null,
        1,
        null,
        null,
        1,
        1,
        1,
        null,
        1,
        null,
        null,
        null,
        null,
        null
      ],
      "/Users/bernardusbilly/github/cs169/bytlyn/test/controllers/deliveries_integration_test.rb": [
        1,
        null,
        1,
        1,
        13,
        13,
        13,
        13,
        null,
        13,
        13,
        13,
        13,
        null,
        13,
        13,
        null,
        13,
        13,
        null,
        13,
        13,
        null,
        13,
        13,
        null,
        13,
        13,
        null,
        null,
        null,
        1,
        1,
        1,
        null,
        null,
        1,
        1,
        1,
        1,
        1,
        null,
        null,
        1,
        1,
        1,
        1,
        1,
        null,
        null,
        1,
        1,
        1,
        1,
        1,
        1,
        1,
        null,
        null,
        1,
        1,
        1,
        null,
        null,
        1,
        1,
        1,
        1,
        1,
        null,
        null,
        1,
        1,
        1,
        1,
        1,
        null,
        null,
        1,
        1,
        1,
        1,
        1,
        1,
        1,
        null,
        null,
        1,
        1,
        1,
        1,
        null,
        null,
        1,
        1,
        1,
        1,
        null,
        null,
        1,
        1,
        1,
        1,
        1,
        null,
        null,
        1,
        1,
        1,
        1,
        null,
        1,
        1,
        null,
        1,
        1,
        null,
        null,
        null,
        null,
        null,
        null,
        null,
        null,
        null,
        null,
        1,
        1,
        1,
        1,
        1,
        null,
        1,
        null,
        null,
        1,
        1,
        1,
        1,
        null,
        1,
        null,
        null,
        null,
        null,
        null,
        null,
        null
      ],
      "/Users/bernardusbilly/github/cs169/bytlyn/test/controllers/dynamic_pages_controller_test.rb": [
        1,
        null,
        1,
        1,
        9,
        null,
        9,
        9,
        null,
        9,
        9,
        9,
        null,
        null,
        null,
        9,
        null,
        9,
        null,
        null,
        null,
        null,
        1,
        1,
        1,
        null,
        null,
        1,
        1,
        1,
        null,
        null,
        1,
        1,
        1,
        1,
        null,
        null,
        1,
        1,
        1,
        1,
        null,
        null,
        1,
        1,
        null,
        1,
        1,
        1,
        1,
        null,
        null,
        1,
        1,
        1,
        null,
        null,
        1,
        1,
        1,
        null,
        null,
        1,
        1,
        1,
        7,
        7,
        7,
        null,
        1,
        1,
        1,
        null,
        null,
        1,
        1,
        1,
        7,
        7,
        7,
        null,
        1,
        1,
        1,
        null,
        null,
        null
      ],
      "/Users/bernardusbilly/github/cs169/bytlyn/test/controllers/menus_controller_test.rb": [
        1,
        null,
        1,
        1,
        null,
        10,
        null,
        10,
        10,
        10,
        null,
        null,
        10,
        null,
        10,
        10,
        10,
        null,
        null,
        10,
        null,
        null,
        10,
        10,
        null,
        null,
        null,
        1,
        1,
        1,
        1,
        null,
        null,
        null,
        1,
        1,
        1,
        1,
        1,
        null,
        null,
        null,
        1,
        1,
        1,
        null,
        null,
        null,
        1,
        1,
        1,
        1,
        1,
        null,
        null,
        null,
        1,
        1,
        1,
        null,
        1,
        1,
        null,
        null,
        null,
        1,
        1,
        1,
        null,
        null,
        null,
        1,
        1,
        1,
        null,
        null,
        null,
        1,
        1,
        1,
        1,
        1,
        null,
        null,
        null,
        1,
        1,
        1,
        1,
        1,
        1,
        null,
        null,
        null,
        1,
        1,
        1,
        null,
        1,
        null,
        null,
        null,
        null,
        null
      ],
      "/Users/bernardusbilly/github/cs169/bytlyn/test/controllers/ratings_controller_test.rb": [
        1,
        null,
        1,
        1,
        1,
        1,
        1,
        1,
        1,
        1,
        null,
        null,
        null,
        null,
        null,
        null,
        1,
        1,
        1,
        1,
        null,
        1,
        1,
        null,
        null,
        null,
        null,
        null,
        null,
        null,
        null,
        null,
        null,
        null,
        null,
        null,
        null,
        null,
        null,
        null,
        null,
        null,
        null,
        null,
        null,
        null,
        null,
        null,
        null,
        null,
        null,
        null,
        null,
        null
      ],
      "/Users/bernardusbilly/github/cs169/bytlyn/test/controllers/restaurants_controller_test.rb": [
        null,
        null,
        null,
        null,
        null,
        null,
        null,
        null,
        null,
        null,
        null,
        null,
        1,
        null,
        1,
        1,
        47,
        47,
        47,
        47,
        47,
        null,
        null,
        null,
        1,
        1,
        1,
        1,
        null,
        null,
        1,
        1,
        1,
        1,
        null,
        null,
        1,
        1,
        1,
        1,
        null,
        null,
        1,
        1,
        1,
        1,
        null,
        null,
        1,
        1,
        1,
        1,
        null,
        null,
        1,
        1,
        1,
        1,
        null,
        null,
        1,
        1,
        1,
        1,
        null,
        null,
        1,
        1,
        1,
        1,
        null,
        null,
        1,
        1,
        1,
        1,
        null,
        null,
        1,
        1,
        1,
        1,
        null,
        null,
        1,
        1,
        1,
        1,
        null,
        null,
        1,
        1,
        1,
        1,
        null,
        null,
        1,
        1,
        1,
        1,
        null,
        null,
        1,
        1,
        1,
        1,
        null,
        null,
        null,
        null,
        1,
        1,
        1,
        1,
        null,
        null,
        1,
        1,
        1,
        1,
        null,
        null,
        1,
        1,
        1,
        1,
        null,
        null,
        1,
        1,
        1,
        1,
        null,
        null,
        1,
        1,
        1,
        1,
        null,
        null,
        1,
        1,
        1,
        1,
        null,
        null,
        null,
        null,
        1,
        1,
        1,
        1,
        null,
        null,
        1,
        1,
        1,
        1,
        null,
        null,
        1,
        1,
        1,
        1,
        null,
        null,
        1,
        1,
        1,
        1,
        null,
        null,
        1,
        1,
        1,
        1,
        null,
        null,
        1,
        1,
        1,
        1,
        null,
        null,
        null,
        null,
        1,
        1,
        1,
        1,
        null,
        null,
        1,
        1,
        1,
        1,
        null,
        null,
        1,
        1,
        1,
        1,
        null,
        null,
        1,
        1,
        1,
        1,
        null,
        null,
        1,
        1,
        1,
        1,
        null,
        null,
        1,
        1,
        1,
        1,
        null,
        null,
        null,
        null,
        1,
        1,
        1,
        1,
        null,
        null,
        1,
        1,
        1,
        1,
        null,
        null,
        1,
        1,
        1,
        1,
        null,
        null,
        1,
        1,
        1,
        1,
        null,
        null,
        1,
        1,
        1,
        1,
        null,
        null,
        1,
        1,
        1,
        1,
        null,
        null,
        null,
        null,
        null,
        null,
        null,
        null,
        null,
        null,
        null,
        null,
        null,
        null,
        1,
        1,
        1,
        null,
        1,
        null,
        1,
        1,
        null,
        1,
        null,
        null,
        1,
        1,
        1,
        null,
        1,
        1,
        1,
        null,
        1,
        null,
        1,
        1,
        1,
        null,
        1,
        null,
        null,
        1,
        1,
        1,
        null,
        1,
        null,
        null,
        1,
        1,
        1,
        null,
        1,
        1,
        1,
        null,
        1,
        1,
        1,
        null,
        1,
        null,
        null,
        1,
        1,
        1,
        null,
        1,
        1,
        null,
        null,
        null,
        null,
        null,
        null,
        null,
        1,
        1,
        1,
        1,
        1,
        null,
        1,
        1,
        1,
        1,
        null,
        1,
        1,
        1,
        1,
        null,
        1,
        1,
        1,
        1,
        null,
        1,
        1,
        1,
        1,
        null,
        null,
        null,
        1,
        1,
        1,
        null,
        null,
        1,
        null,
        null,
        1,
        1,
        1,
        null,
        null,
        null,
        null,
        null,
        null,
        null,
        null,
        null,
        null,
        null,
        null,
        null,
        null,
        null,
        null,
        null,
        null,
        null,
        null,
        null,
        null,
        null,
        null,
        null,
        null,
        null,
        null,
        null,
        null,
        null,
        null,
        null,
        null,
        null,
        null,
        null,
        null,
        null,
        null,
        null,
        null,
        null,
        null,
        null,
        null,
        null,
        null,
        null,
        null,
        null,
        null,
        null,
        null,
        null
      ],
      "/Users/bernardusbilly/github/cs169/bytlyn/test/integration/favorites_integration_test.rb": [
        1,
        null,
        1,
        null,
        null,
        1,
        null,
        null,
        6,
        6,
        6,
        6,
        6,
        6,
        null,
        null,
        6,
        null,
        6,
        null,
        6,
        6,
        6,
        6,
        6,
        6,
        null,
        6,
        null,
        null,
        null,
        1,
        1,
        1,
        null,
        null,
        null,
        null,
        1,
        1,
        1,
        1,
        null,
        null,
        null,
        1,
        1,
        1,
        null,
        null,
        null,
        1,
        null,
        1,
        null,
        null,
        1,
        1,
        null,
        null,
        null,
        null,
        1,
        null,
        1,
        null,
        1,
        1,
        1,
        null,
        null,
        1,
        1,
        1,
        null,
        null,
        null,
        1,
        null,
        1,
        1,
        1,
        null,
        null,
        1,
        1,
        null,
        null
      ],
      "/Users/bernardusbilly/github/cs169/bytlyn/test/integration/rating_routes_test.rb": [
        1,
        null,
        1,
        null,
        null,
        1,
        2,
        2,
        2,
        2,
        2,
        2,
        2,
        null,
        null,
        null,
        1,
        1,
        1,
        null,
        null,
        1,
        1,
        1,
        null,
        null,
        null
      ],
      "/Users/bernardusbilly/github/cs169/bytlyn/test/integration/restaurants_integration_test.rb": [
        1,
        null,
        1,
        1,
        null,
        7,
        7,
        null,
        null,
        7,
        null,
        null,
        null,
        null,
        1,
        1,
        1,
        1,
        null,
        1,
        1,
        1,
        1,
        null,
        1,
        1,
        1,
        null,
        null,
        1,
        1,
        null,
        null,
        1,
        1,
        1,
        1,
        null,
        1,
        1,
        1,
        null,
        null,
        1,
        1,
        1,
        1,
        null,
        null,
        1,
        1,
        1,
        1,
        1,
        1,
        null,
        null,
        1,
        1,
        null,
        null,
        1,
        1,
        null,
        null,
        1,
        null,
        1,
        1,
        1,
        1,
        1,
        1,
        null,
        null,
        null,
        1,
        1,
        null,
        null,
        1,
        1,
        1,
        1,
        null,
        1,
        null,
        null,
        1,
        1,
        1,
        1,
        1,
        1,
        1,
        null,
        null,
        null,
        null,
        null,
        null,
        null,
        null,
        null
      ],
      "/Users/bernardusbilly/github/cs169/bytlyn/test/integration/users_integration_test.rb": [
        1,
        null,
        null,
        1,
        1,
        22,
        22,
        22,
        22,
        null,
        null,
        null,
        1,
        1,
        1,
        1,
        1,
        1,
        null,
        null,
        null,
        null,
        1,
        1,
        1,
        1,
        1,
        1,
        null,
        null,
        null,
        null,
        1,
        1,
        1,
        null,
        null,
        1,
        1,
        1,
        1,
        1,
        null,
        null,
        1,
        1,
        1,
        1,
        1,
        null,
        null,
        null,
        1,
        1,
        1,
        1,
        1,
        null,
        null,
        null,
        1,
        1,
        1,
        1,
        1,
        null,
        null,
        null,
        1,
        1,
        1,
        1,
        1,
        null,
        null,
        1,
        1,
        1,
        1,
        1,
        null,
        null,
        null,
        1,
        1,
        1,
        1,
        1,
        null,
        null,
        null,
        1,
        1,
        1,
        1,
        1,
        null,
        null,
        null,
        1,
        1,
        1,
        1,
        1,
        null,
        null,
        null,
        1,
        1,
        1,
        1,
        1,
        null,
        null,
        null,
        1,
        1,
        1,
        1,
        null,
        null,
        1,
        1,
        1,
        1,
        null,
        null,
        1,
        1,
        1,
        null,
        1,
        1,
        1,
        null,
        1,
        null,
        1,
        1,
        null,
        1,
        1,
        1,
        1,
        null,
        null,
        1,
        1,
        1,
        null,
        1,
        1,
        1,
        null,
        1,
        null,
        1,
        1,
        null,
        1,
        1,
        1,
        null,
        null,
        null,
        1,
        1,
        1,
        null,
        1,
        1,
        1,
        null,
        1,
        null,
        null,
        1,
        1,
        1,
        null,
        1,
        1,
        1,
        null,
        1,
        null,
        null,
        null,
        1,
        1,
        1,
        null,
        1,
        1,
        1,
        null,
        1,
        null,
        1,
        1,
        null,
        null,
        1,
        1,
        1,
        null,
        1,
        1,
        1,
        null,
        1,
        null,
        1,
        1,
        1,
        1,
        null,
        1,
        1,
        1,
        1,
        null,
        1,
        null,
        null
      ],
      "/Users/bernardusbilly/github/cs169/bytlyn/test/integration/waitlist_routes_test.rb": [
        1,
        null,
        1,
        null,
        null,
        1,
        null,
        20,
        null,
        20,
        20,
        20,
        null,
        null,
        20,
        null,
        20,
        20,
        20,
        null,
        20,
        null,
        20,
        null,
        20,
        null,
        null,
        null,
        1,
        1,
        1,
        null,
        null,
        null,
        null,
        1,
        1,
        1,
        1,
        null,
        null,
        null,
        1,
        1,
        1,
        null,
        null,
        null,
        1,
        null,
        1,
        null,
        null,
        1,
        1,
        null,
        null,
        null,
        null,
        1,
        null,
        1,
        null,
        1,
        1,
        1,
        null,
        null,
        1,
        1,
        1,
        null,
        null,
        null,
        1,
        null,
        1,
        1,
        1,
        null,
        null,
        1,
        1,
        null,
        null,
        null,
        1,
        null,
        1,
        1,
        null,
        null,
        1,
        1,
        null,
        null,
        null,
        1,
        null,
        1,
        1,
        null,
        null,
        1,
        1,
        1,
        null,
        null,
        null,
        1,
        null,
        1,
        null,
        1,
        1,
        1,
        null,
        1,
        1,
        1,
        1,
        null,
        null,
        null,
        1,
        null,
        1,
        1,
        null,
        null,
        1,
        1,
        1,
        null,
        null,
        1,
        1,
        null,
        null,
        1,
        1,
        null,
        1,
        1,
        null,
        null,
        null,
        1,
        1,
        1,
        null,
        1,
        1,
        null,
        1,
        1,
        1,
        null,
        1,
        null,
        null,
        1,
        1,
        1,
        1,
        null,
        null,
        1,
        1,
        1,
        1,
        null,
        null,
        1,
        1,
        1,
        1,
        null,
        1,
        null,
        null,
        null,
        1,
        1,
        1,
        1,
        1,
        null,
        null,
        1,
        1,
        1,
        1,
        1,
        null,
        1,
        null,
        null,
        1,
        1,
        1,
        1,
        1,
        null,
        1,
        null,
        null,
        1,
        1,
        1,
        null,
        1,
        1,
        1,
        1,
        null,
        null,
        null,
        null
      ],
      "/Users/bernardusbilly/github/cs169/bytlyn/test/models/cart_test.rb": [
        1,
        null,
        1,
        null,
        null,
        null,
        1,
        2,
        2,
        2,
        2,
        null,
        2,
        2,
        2,
        2,
        null,
        2,
        2,
        null,
        2,
        2,
        null,
        2,
        2,
        null,
        null,
        null,
        1,
        1,
        1,
        null,
        1,
        1,
        null,
        1,
        1,
        null,
        null,
        1,
        1,
        1,
        1,
        1,
        null,
        null,
        null,
        null,
        null,
        null,
        null,
        null,
        null,
        null
      ],
      "/Users/bernardusbilly/github/cs169/bytlyn/test/models/customer_test.rb": [
        1,
        null,
        1,
        null,
        null,
        null,
        1,
        1,
        1,
        null,
        1,
        1,
        null,
        null,
        null,
        1,
        1,
        1,
        1,
        null,
        null,
        null,
        null,
        null,
        null,
        null,
        null,
        null,
        null
      ],
      "/Users/bernardusbilly/github/cs169/bytlyn/test/models/delivery_test.rb": [
        1,
        null,
        1,
        1,
        8,
        8,
        8,
        8,
        null,
        8,
        8,
        8,
        8,
        null,
        8,
        8,
        null,
        8,
        8,
        null,
        8,
        8,
        null,
        8,
        8,
        null,
        8,
        8,
        null,
        null,
        null,
        1,
        1,
        1,
        1,
        1,
        1,
        1,
        1,
        1,
        null,
        null,
        1,
        1,
        1,
        1,
        1,
        1,
        1,
        1,
        1,
        null,
        null,
        1,
        1,
        1,
        null,
        1,
        1,
        null,
        1,
        1,
        null,
        null,
        1,
        1,
        1,
        1,
        1,
        1,
        1,
        1,
        1,
        1,
        null,
        null,
        1,
        1,
        1,
        1,
        1,
        1,
        1,
        1,
        1,
        1,
        null,
        null,
        1,
        1,
        1,
        1,
        1,
        1,
        1,
        1,
        1,
        1,
        1,
        null,
        null,
        1,
        1,
        1,
        1,
        1,
        1,
        1,
        1,
        1,
        1,
        1,
        null,
        null,
        1,
        1,
        1,
        1,
        1,
        1,
        null,
        null,
        null,
        null
      ],
      "/Users/bernardusbilly/github/cs169/bytlyn/test/models/favorite_test.rb": [
        1,
        null,
        1,
        1,
        null,
        null,
        6,
        6,
        6,
        6,
        6,
        6,
        null,
        null,
        6,
        null,
        6,
        null,
        6,
        6,
        6,
        6,
        6,
        6,
        null,
        null,
        1,
        1,
        1,
        1,
        null,
        null,
        1,
        1,
        1,
        null,
        null,
        null,
        1,
        1,
        1,
        1,
        null,
        null,
        null,
        1,
        null,
        1,
        1,
        1,
        null,
        1,
        1,
        1,
        null,
        null,
        1,
        1,
        1,
        1,
        1,
        1,
        null,
        1,
        1,
        1,
        1,
        1,
        null,
        1,
        1,
        1,
        1,
        1,
        null,
        null,
        null,
        null,
        1,
        1,
        1,
        1,
        1,
        1,
        1,
        1,
        null,
        null
      ],
      "/Users/bernardusbilly/github/cs169/bytlyn/test/models/hour_test.rb": [
        1,
        null,
        1,
        null,
        null,
        null,
        null,
        1,
        1,
        1,
        null,
        1,
        1,
        1,
        1,
        1,
        1,
        1,
        null,
        1,
        1,
        1,
        null,
        null,
        1,
        1,
        1,
        1,
        1,
        null,
        null,
        null,
        null,
        1,
        1,
        1,
        null,
        null,
        null
      ],
      "/Users/bernardusbilly/github/cs169/bytlyn/test/models/menu_test.rb": [
        1,
        null,
        1,
        null,
        null,
        null,
        null,
        1,
        1,
        1,
        null,
        null,
        1,
        1,
        1,
        null,
        null,
        1,
        1,
        1,
        null,
        null,
        1,
        1,
        1,
        null,
        null,
        1,
        1,
        1,
        null,
        null,
        1,
        1,
        1,
        1,
        1,
        null,
        null,
        1,
        1,
        1,
        1,
        1,
        null,
        null,
        1,
        1,
        1,
        1,
        1,
        1,
        null,
        null,
        null
      ],
      "/Users/bernardusbilly/github/cs169/bytlyn/test/models/rating_test.rb": [
        1,
        null,
        1,
        1,
        null,
        5,
        5,
        5,
        5,
        null,
        5,
        5,
        5,
        5,
        null,
        null,
        null,
        1,
        1,
        1,
        1,
        null,
        null,
        1,
        1,
        1,
        1,
        1,
        null,
        null,
        1,
        1,
        1,
        null,
        null,
        1,
        1,
        1,
        1,
        1,
        null,
        null,
        1,
        1,
        1,
        null,
        null,
        null,
        null
      ],
      "/Users/bernardusbilly/github/cs169/bytlyn/test/models/restaurant_test.rb": [
        1,
        null,
        null,
        1,
        null,
        null,
        null,
        1,
        null,
        1,
        null,
        1,
        1,
        null,
        1,
        null,
        1,
        null,
        null,
        1,
        null,
        1,
        1,
        null,
        1,
        null,
        1,
        null,
        null,
        1,
        1,
        1,
        1,
        1,
        1,
        1,
        1,
        null,
        null,
        null,
        1,
        1,
        1,
        1,
        1,
        1,
        1,
        null,
        1,
        1,
        1,
        1,
        1,
        1,
        null,
        null,
        1,
        1,
        1,
        1,
        1,
        1,
        null,
        null,
        null,
        1,
        1,
        1,
        null,
        1,
        1,
        null,
        1,
        null,
        1,
        1,
        null,
        null,
        null
      ],
      "/Users/bernardusbilly/github/cs169/bytlyn/test/models/user_test.rb": [
        1,
        null,
        1,
        1,
        13,
        null,
        null,
        null,
        1,
        1,
        1,
        null,
        null,
        1,
        1,
        null,
        1,
        1,
        null,
        null,
        1,
        1,
        null,
        1,
        1,
        null,
        null,
        1,
        1,
        null,
        1,
        1,
        null,
        null,
        1,
        1,
        null,
        1,
        1,
        null,
        null,
        1,
        1,
        null,
        1,
        1,
        null,
        1,
        1,
        null,
        1,
        1,
        1,
        null,
        null,
        1,
        1,
        null,
        1,
        1,
        1,
        null,
        null,
        1,
        1,
        null,
        1,
        1,
        1,
        null,
        1,
        1,
        null,
        1,
        1,
        null,
        null,
        1,
        1,
        null,
        1,
        1,
        1,
        null,
        1,
        1,
        null,
        1,
        1,
        1,
        1,
        1,
        1,
        null,
        1,
        1,
        null,
        1,
        1,
        null,
        1,
        null,
        null
      ],
      "/Users/bernardusbilly/github/cs169/bytlyn/test/models/waitlist_test.rb": [
        1,
        null,
        1,
        1,
        null,
        17,
        17,
        17,
        17,
        null,
        17,
        17,
        17,
        17,
        null,
        17,
        17,
        17,
        17,
        null,
        17,
        17,
        17,
        17,
        null,
        null,
        1,
        1,
        1,
        1,
        null,
        null,
        1,
        1,
        1,
        1,
        null,
        null,
        null,
        1,
        1,
        1,
        null,
        null,
        1,
        1,
        1,
        1,
        null,
        null,
        1,
        1,
        1,
        1,
        null,
        null,
        null,
        1,
        null,
        1,
        1,
        1,
        null,
        1,
        1,
        1,
        null,
        null,
        1,
        1,
        1,
        1,
        null,
        null,
        1,
        1,
        1,
        1,
        1,
        1,
        null,
        1,
        1,
        1,
        1,
        1,
        null,
        null,
        null,
        null,
        1,
        1,
        1,
        1,
        1,
        1,
        1,
        1,
        null,
        null,
        null,
        1,
        1,
        1,
        1,
        1,
        null,
        1,
        1,
        1,
        1,
        null,
        1,
        1,
        1,
        null,
        null,
        1,
        1,
        1,
        1,
        1,
        null,
        1,
        1,
        1,
        1,
        null,
        1,
        1,
        1,
        null,
        1,
        1,
        1,
        1,
        null,
        null,
        1,
        1,
        1,
        1,
        1,
        null,
        1,
        1,
        1,
        1,
        null,
        1,
        1,
        1,
        null,
        1,
        1,
        1,
        1,
        null,
        null,
        1,
        1,
        1,
        1,
        1,
        null,
        1,
        1,
        1,
        1,
        null,
        1,
        1,
        1,
        1,
        null,
        1,
        1,
        1,
        1,
        null,
        1,
        1,
        1,
        1,
        null,
        null,
        1,
        1,
        1,
        1,
        1,
        null,
        1,
        1,
        1,
        1,
        null,
        1,
        1,
        1,
        1,
        null,
        1,
        1,
        1,
        1,
        null,
        1,
        1,
        1,
        1,
        null,
        1,
        1,
        1,
        1,
        1,
        null,
        1,
        1,
        1,
        1,
        1,
        null,
        null,
        1,
        1,
        1,
        1,
        1,
        null,
        1,
        1,
        1,
        1,
        null,
        1,
        1,
        1,
        1,
        null,
        1,
        1,
        null,
        null,
        1,
        1,
        1,
        1,
        1,
        null,
        1,
        1,
        1,
        1,
        null,
        1,
        1,
        1,
        1,
        null,
        1,
        1,
        null,
        null,
        1,
        1,
        1,
        1,
        1,
        null,
        null,
        null
      ],
      "/Users/bernardusbilly/github/cs169/bytlyn/app/models/customer.rb": [
        1,
        1,
        1,
        1,
        null,
        1,
        null,
        1,
        null,
        null,
        null,
        null
      ],
      "/Users/bernardusbilly/github/cs169/bytlyn/app/models/restaurant.rb": [
        1,
        1,
        1,
        1,
        1,
        1,
        1,
        null,
        743,
        null,
        null,
        null,
        null,
        null,
        null
      ],
      "/Users/bernardusbilly/github/cs169/bytlyn/app/models/waitlist.rb": [
        1,
        null,
        1,
        1,
        1,
        1,
        1,
        1,
        null,
        1,
        39,
        null,
        null,
        1,
        31,
        31,
        31,
        24,
        24,
        null,
        24,
        null,
        31,
        null,
        null,
        1,
        2,
        null,
        null,
        1,
        14,
        14,
        14,
        1,
        null,
        14,
        null,
        null,
        1,
        40,
        2,
        2,
        null,
        38,
        6,
        null,
        32,
        1,
        null,
        31,
        2,
        2,
        null,
        29,
        null,
        null,
        1,
        4,
        null,
        1,
        null,
        1,
        null,
        1,
        null,
        1,
        null,
        null,
        null,
        null,
        null,
        null,
        null
      ],
      "/Users/bernardusbilly/github/cs169/bytlyn/app/models/menu.rb": [
        1,
        1,
        1,
        1,
        1,
        1,
        1,
        null,
        1,
        4,
        2,
        null,
        2,
        null,
        null,
        null
      ],
      "/Users/bernardusbilly/github/cs169/bytlyn/app/models/version.rb": [
        1,
        1,
        null
      ],
      "/Users/bernardusbilly/github/cs169/bytlyn/app/models/cart.rb": [
        1,
        1,
        1,
        null,
        1,
        71,
        71,
        71,
        71,
        71,
        13,
        13,
        null,
        18,
        9,
        null,
        9,
        null,
        18,
        9,
        null,
        9,
        null,
        null,
        null,
        71,
        null,
        null,
        1,
        14,
        null,
        null
      ],
      "/Users/bernardusbilly/github/cs169/bytlyn/app/controllers/users/sessions_controller.rb": [
        1,
        1,
        null,
        null,
        null,
        null,
        null,
        null,
        null,
        1,
        60,
        55,
        null,
        55,
        55,
        55,
        null,
        null,
        null,
        null,
        null,
        null,
        1,
        7,
        7,
        null,
        7,
        7,
        null,
        null,
        null,
        null,
        null,
        1,
        null,
        null,
        null
      ],
      "/Users/bernardusbilly/github/cs169/bytlyn/app/controllers/application_controller.rb": [
        1,
        null,
        null,
        null,
        1,
        null,
        null,
        null,
        1,
        0,
        null,
        null
      ],
      "/Users/bernardusbilly/github/cs169/bytlyn/app/helpers/application_helper.rb": [
        1,
        null
      ],
      "/Users/bernardusbilly/github/cs169/bytlyn/app/helpers/carts_helper.rb": [
        1,
        null
      ],
      "/Users/bernardusbilly/github/cs169/bytlyn/app/helpers/customers_helper.rb": [
        1,
        null
      ],
      "/Users/bernardusbilly/github/cs169/bytlyn/app/helpers/deliveries_helper.rb": [
        1,
        null
      ],
      "/Users/bernardusbilly/github/cs169/bytlyn/app/helpers/dynamic_pages_helper.rb": [
        1,
        null
      ],
      "/Users/bernardusbilly/github/cs169/bytlyn/app/helpers/favorites_helper.rb": [
        1,
        null
      ],
      "/Users/bernardusbilly/github/cs169/bytlyn/app/helpers/hours_helper.rb": [
        1,
        null
      ],
      "/Users/bernardusbilly/github/cs169/bytlyn/app/helpers/menus_helper.rb": [
        1,
        null
      ],
      "/Users/bernardusbilly/github/cs169/bytlyn/app/helpers/rating_helper.rb": [
        1,
        null
      ],
      "/Users/bernardusbilly/github/cs169/bytlyn/app/helpers/restaurants_helper.rb": [
        1,
        null
      ],
      "/Users/bernardusbilly/github/cs169/bytlyn/app/helpers/versions_helper.rb": [
        1,
        null
      ],
      "/Users/bernardusbilly/github/cs169/bytlyn/app/helpers/waitlists_helper.rb": [
        1,
        null
      ],
      "/Users/bernardusbilly/github/cs169/bytlyn/app/controllers/dynamic_pages_controller.rb": [
        1,
        1,
        null,
        1,
        69,
        69,
        15,
        11,
        11,
        11,
        11,
        11,
        null,
        null,
        4,
        null,
        null,
        null,
        54,
        null,
        null,
        0,
        null,
        null,
        null,
        1,
        null,
        null,
        1,
        null,
        null,
        1,
        0,
        null,
        null,
        1,
        0,
        null,
        null,
        1,
        0,
        null,
        null,
        1,
        19,
        14,
        1,
        null,
        13,
        null,
        null,
        5,
        null,
        null,
        1,
        0,
        null,
        null,
        1,
        null,
        2,
        2,
        2,
        2,
        null,
        1,
        null,
        null,
        1,
        null,
        2,
        2,
        2,
        null,
        1,
        null,
        null,
        1,
        null,
        2,
        2,
        2,
        null,
        1,
        null,
        null,
        1,
        null,
        2,
        2,
        2,
        null,
        1,
        null,
        null,
        1,
        null,
        2,
        2,
        2,
        null,
        1,
        null,
        null,
        1,
        null,
        2,
        2,
        2,
        null,
        1,
        null,
        null,
        1,
        null,
        2,
        2,
        2,
        null,
        1,
        null,
        null,
        1,
        null,
        null,
        2,
        null,
        2,
        null,
        null,
        null
      ],
      "/Users/bernardusbilly/github/cs169/bytlyn/app/controllers/deliveries_controller.rb": [
        1,
        1,
        null,
        null,
        null,
        1,
        6,
        5,
        2,
        1,
        1,
        null,
        1,
        null,
        null,
        null,
        3,
        3,
        null,
        null,
        1,
        null,
        null,
        null,
        1,
        4,
        3,
        2,
        1,
        1,
        1,
        null,
        1,
        null,
        null,
        null,
        1,
        1,
        1,
        null,
        null,
        1,
        null,
        null,
        null,
        null,
        null,
        1,
        null,
        null,
        null,
        1,
        2,
        1,
        1,
        null,
        1,
        null,
        null,
        null,
        null,
        null,
        null,
        null,
        null,
        null,
        1,
        3,
        2,
        2,
        null,
        null,
        null,
        null,
        null,
        null,
        null,
        null,
        null,
        null,
        null,
        null,
        0,
        null,
        null,
        null,
        2,
        1,
        1,
        1,
        1,
        1,
        1,
        1,
        1,
        1,
        null,
        1,
        1,
        1,
        2,
        null,
        null,
        0,
        0,
        null,
        null,
        null,
        1,
        1,
        1,
        null,
        null,
        1,
        null,
        null,
        null,
        null,
        null,
        null,
        null,
        null,
        null,
        null,
        null,
        null,
        null,
        null,
        null,
        null,
        null,
        null,
        null,
        null,
        null,
        1,
        2,
        2,
        2,
        null,
        4,
        2,
        null,
        0,
        0,
        null,
        null,
        null,
        null,
        null,
        null,
        null,
        null,
        null,
        null,
        null,
        null,
        null,
        1,
        null,
        1,
        0,
        null,
        null,
        null,
        1,
        7,
        null,
        null,
        1,
        2,
        0,
        null,
        2,
        null,
        null,
        null
      ],
      "/Users/bernardusbilly/github/cs169/bytlyn/app/models/delivery.rb": [
        1,
        null,
        1,
        4,
        null,
        null,
        1,
        4,
        null,
        null,
        1,
        1,
        1,
        1,
        2,
        2,
        null,
        1,
        null,
        null,
        null,
        null,
        null,
        null,
        1,
        15,
        15,
        15,
        5,
        5,
        5,
        6,
        6,
        null,
        null,
        5,
        null,
        15,
        null,
        null,
        1,
        2,
        2,
        2,
        3,
        3,
        3,
        2,
        null,
        null,
        3,
        null,
        2,
        null,
        null,
        1,
        3,
        3,
        3,
        2,
        2,
        2,
        0,
        null,
        null,
        2,
        null,
        3,
        null,
        null,
        null,
        1,
        14,
        14,
        14,
        2,
        2,
        2,
        4,
        null,
        null,
        2,
        null,
        14,
        null,
        null,
        1,
        7,
        null,
        1,
        null,
        2,
        null,
        2,
        null,
        1,
        null,
        1,
        null,
        null,
        null,
        null,
        null,
        null
      ],
      "/Users/bernardusbilly/github/cs169/bytlyn/app/controllers/restaurants_controller.rb": [
        1,
        1,
        1,
        1,
        null,
        null,
        1,
        null,
        null,
        null,
        null,
        null,
        null,
        null,
        null,
        null,
        41,
        41,
        41,
        41,
        41,
        41,
        null,
        41,
        null,
        null,
        41,
        null,
        null,
        41,
        null,
        41,
        null,
        41,
        null,
        41,
        null,
        null,
        null,
        null,
        41,
        41,
        41,
        41,
        41,
        null,
        41,
        null,
        null,
        null,
        null,
        null,
        null,
        null,
        null,
        null,
        null,
        1,
        null,
        null,
        null,
        1,
        8,
        7,
        7,
        56,
        null,
        0,
        null,
        null,
        1,
        null,
        null,
        null,
        null,
        1,
        null,
        null,
        null,
        null,
        1,
        null,
        13,
        13,
        13,
        13,
        5,
        5,
        5,
        null,
        8,
        8,
        8,
        8,
        8,
        8,
        null,
        null,
        8,
        8,
        8,
        8,
        56,
        56,
        56,
        null,
        null,
        null,
        8,
        44,
        2,
        2,
        2,
        null,
        null,
        6,
        0,
        0,
        0,
        null,
        null,
        6,
        42,
        null,
        null,
        6,
        6,
        12,
        6,
        null,
        0,
        0,
        null,
        null,
        null,
        null,
        null,
        null,
        1,
        5,
        5,
        10,
        5,
        null,
        0,
        0,
        null,
        null,
        null,
        null,
        null,
        null,
        1,
        1,
        1,
        2,
        1,
        null,
        null,
        null,
        1,
        null,
        1,
        7,
        null,
        null,
        1,
        0,
        null,
        null,
        1,
        775,
        null,
        null,
        null,
        1,
        null,
        90,
        null,
        null
      ],
      "/Users/bernardusbilly/github/cs169/bytlyn/app/models/hour.rb": [
        1,
        1,
        1,
        1,
        1,
        1,
        1,
        null,
        1,
        109,
        108,
        null,
        null,
        1,
        109,
        0,
        null,
        109,
        null,
        null,
        null,
        100,
        null,
        null,
        null,
        null
      ],
      "/Users/bernardusbilly/github/cs169/bytlyn/app/controllers/customers_controller.rb": [
        1,
        1,
        null,
        null,
        null,
        null,
        null,
        null,
        null,
        null,
        null,
        null,
        1,
        null,
        null,
        null,
        null,
        null,
        null,
        null,
        null,
        1,
        null,
        null,
        null,
        null,
        1,
        1,
        null,
        1,
        1,
        2,
        1,
        null,
        0,
        0,
        null,
        null,
        null,
        null,
        null,
        null,
        1,
        1,
        1,
        2,
        1,
        null,
        0,
        0,
        null,
        null,
        null,
        null,
        null,
        null,
        1,
        1,
        1,
        2,
        1,
        null,
        null,
        null,
        1,
        null,
        1,
        4,
        null,
        null,
        null,
        1,
        null,
        2,
        null,
        null
      ],
      "/Users/bernardusbilly/github/cs169/bytlyn/app/controllers/users/registrations_controller.rb": [
        1,
        1,
        1,
        null,
        null,
        1,
        5,
        5,
        5,
        5,
        null,
        1,
        5,
        5,
        5,
        5,
        null,
        null,
        null,
        null,
        1,
        7,
        7,
        7,
        null,
        null,
        7,
        7,
        7,
        2,
        2,
        2,
        2,
        null,
        0,
        0,
        0,
        null,
        null,
        5,
        5,
        5,
        5,
        null,
        7,
        null,
        2,
        2,
        2,
        null,
        null,
        null,
        1,
        6,
        6,
        null,
        6,
        6,
        6,
        3,
        3,
        null,
        3,
        null,
        3,
        3,
        null,
        3,
        3,
        null,
        3,
        null,
        null,
        null,
        1,
        9,
        9,
        9,
        null,
        null,
        9,
        9,
        9,
        4,
        4,
        4,
        4,
        null,
        0,
        0,
        0,
        null,
        null,
        5,
        5,
        5,
        5,
        null,
        null,
        null,
        null,
        null,
        null,
        null,
        null,
        null,
        null,
        null,
        null,
        null,
        null,
        null,
        null,
        null,
        null,
        null,
        null,
        null,
        null,
        null,
        null,
        null,
        null,
        null,
        null,
        null,
        null,
        null,
        null,
        null,
        null,
        null,
        null,
        null,
        null,
        null,
        null,
        1,
        26,
        null,
        null,
        null,
        1,
        6,
        6,
        6,
        null,
        null,
        null,
        null,
        null,
        null,
        null,
        null,
        null,
        null,
        null,
        null
      ],
      "/Users/bernardusbilly/github/cs169/bytlyn/app/controllers/menus_controller.rb": [
        1,
        1,
        null,
        null,
        null,
        1,
        3,
        2,
        1,
        1,
        null,
        1,
        null,
        null,
        null,
        null,
        null,
        null,
        1,
        null,
        null,
        null,
        null,
        null,
        1,
        null,
        null,
        null,
        1,
        2,
        1,
        null,
        1,
        null,
        null,
        null,
        null,
        1,
        2,
        1,
        null,
        1,
        null,
        null,
        null,
        null,
        null,
        1,
        1,
        null,
        1,
        1,
        2,
        1,
        null,
        0,
        0,
        null,
        null,
        null,
        null,
        null,
        null,
        1,
        1,
        1,
        2,
        1,
        null,
        0,
        0,
        null,
        null,
        null,
        null,
        null,
        null,
        1,
        1,
        1,
        2,
        1,
        null,
        null,
        null,
        1,
        null,
        1,
        5,
        4,
        null,
        1,
        null,
        null,
        null,
        null,
        1,
        2,
        null,
        null
      ],
      "/Users/bernardusbilly/github/cs169/bytlyn/app/models/rating.rb": [
        1,
        1,
        null,
        1,
        68,
        68,
        67,
        null,
        1,
        null,
        null,
        null,
        1,
        2,
        null,
        null
      ],
      "/Users/bernardusbilly/github/cs169/bytlyn/app/controllers/waitlists_controller.rb": [
        1,
        1,
        null,
        null,
        null,
        1,
        null,
        null,
        4,
        3,
        2,
        1,
        1,
        null,
        1,
        null,
        null,
        null,
        1,
        1,
        null,
        null,
        1,
        null,
        null,
        null,
        1,
        5,
        null,
        5,
        4,
        2,
        1,
        1,
        null,
        1,
        null,
        null,
        null,
        2,
        2,
        null,
        null,
        1,
        null,
        null,
        null,
        null,
        null,
        1,
        null,
        null,
        null,
        1,
        3,
        2,
        null,
        1,
        null,
        null,
        null,
        null,
        1,
        null,
        null,
        null,
        null,
        1,
        14,
        14,
        14,
        null,
        14,
        14,
        14,
        1,
        1,
        1,
        null,
        null,
        13,
        11,
        11,
        11,
        22,
        11,
        null,
        0,
        0,
        null,
        null,
        null,
        null,
        2,
        2,
        null,
        null,
        null,
        null,
        null,
        null,
        null,
        null,
        null,
        null,
        null,
        null,
        null,
        null,
        null,
        null,
        null,
        1,
        1,
        1,
        1,
        null,
        2,
        1,
        null,
        0,
        0,
        null,
        null,
        null,
        null,
        1,
        1,
        1,
        1,
        null,
        2,
        1,
        null,
        0,
        0,
        null,
        null,
        null,
        null,
        null,
        null,
        1,
        2,
        2,
        4,
        2,
        null,
        null,
        null,
        1,
        null,
        1,
        2,
        null,
        null,
        null,
        1,
        0,
        null,
        null
      ],
      "/Users/bernardusbilly/github/cs169/bytlyn/app/models/favorite.rb": [
        1,
        1,
        1,
        1,
        null,
        null,
        null,
        1,
        null,
        1,
        1,
        null,
        null,
        1,
        13,
        6,
        null,
        7,
        1,
        null,
        6,
        1,
        null,
        5,
        1,
        null,
        4,
        null,
        null
      ],
      "/Users/bernardusbilly/github/cs169/bytlyn/app/controllers/rating_controller.rb": [
        1,
        null,
        1,
        3,
        3,
        3,
        null,
        3,
        null,
        null,
        null,
        1,
        1,
        9,
        null,
        null,
        null
      ],
      "/Users/bernardusbilly/github/cs169/bytlyn/app/controllers/favorites_controller.rb": [
        1,
        1,
        null,
        null,
        null,
        1,
        2,
        null,
        1,
        1,
        0,
        null,
        1,
        1,
        null,
        null,
        null,
        null,
        null,
        1,
        null,
        null,
        null,
        null,
        null,
        1,
        null,
        null,
        null,
        null,
        null,
        null,
        null,
        null,
        null,
        null,
        null,
        null,
        1,
        null,
        null,
        null,
        null,
        1,
        6,
        6,
        6,
        null,
        6,
        3,
        3,
        3,
        6,
        3,
        null,
        0,
        0,
        null,
        null,
        null,
        null,
        3,
        3,
        null,
        null,
        null,
        null,
        null,
        null,
        null,
        null,
        null,
        null,
        null,
        null,
        null,
        null,
        null,
        null,
        null,
        null,
        null,
        1,
        null,
        1,
        1,
        2,
        1,
        null,
        null,
        null,
        1,
        null,
        1,
        1,
        0,
        null,
        1,
        null,
        null,
        null,
        null,
        null,
        1,
        0,
        null,
        null
      ],
      "/Users/bernardusbilly/github/cs169/bytlyn/app/controllers/carts_controller.rb": [
        1,
        1,
        null,
        null,
        null,
        1,
        1,
        null,
        null,
        null,
        null,
        1,
        null,
        null,
        null,
        1,
        1,
        null,
        null,
        null,
        1,
        null,
        null,
        1,
        4,
        4,
        4,
        4,
        4,
        1,
        1,
        1,
        null,
        3,
        null,
        null,
        1,
        3,
        3,
        3,
        3,
        3,
        3,
        null,
        2,
        null,
        1,
        1,
        1,
        null,
        null,
        null,
        null,
        1,
        3,
        3,
        3,
        3,
        null,
        3,
        2,
        2,
        2,
        4,
        null,
        0,
        0,
        null,
        null,
        null,
        1,
        null,
        null,
        null,
        null,
        null,
        null,
        1,
        1,
        1,
        2,
        1,
        null,
        0,
        0,
        null,
        null,
        null,
        null,
        null,
        null,
        1,
        1,
        1,
        2,
        1,
        null,
        null,
        null,
        1,
        2,
        1,
        1,
        1,
        1,
        null,
        1,
        null,
        null,
        1,
        null,
        null,
        null,
        1,
        null,
        1,
        2,
        null,
        null,
        null,
        1,
        10,
        null,
        null
      ]
    },
    "timestamp": 1449221677
  }
}
